This file contains any messages produced by compilers while
running configure, to aid debugging if configure makes a mistake.

It was created by epdfinfo configure 1.0, which was
generated by GNU Autoconf 2.72.  Invocation command line was

  $ ./configure -q --bindir=/Users/mrsilver/.emacs.d/elpa/pdf-tools-1.1.0/

## --------- ##
## Platform. ##
## --------- ##

hostname = macbook.local
uname -m = x86_64
uname -r = 21.6.0
uname -s = Darwin
uname -v = Darwin Kernel Version 21.6.0: Mon Jun 24 00:56:10 PDT 2024; root:xnu-8020.240.18.709.2~1/RELEASE_X86_64

/usr/bin/uname -p = i386
/bin/uname -X     = unknown

/bin/arch              = unknown
/usr/bin/arch -k       = unknown
/usr/convex/getsysinfo = unknown
/usr/bin/hostinfo      = Mach kernel version:
	 Darwin Kernel Version 21.6.0: Mon Jun 24 00:56:10 PDT 2024; root:xnu-8020.240.18.709.2~1/RELEASE_X86_64
Kernel configured for up to 4 processors.
2 processors are physically available.
4 processors are logically available.
Processor type: x86_64h (Intel x86-64h Haswell)
Processors active: 0 1 2 3
Primary memory available: 8.00 gigabytes
Default processor set: 375 tasks, 1128 threads, 4 processors
Load average: 1.90, Mach factor: 2.08
/bin/machine           = unknown
/usr/bin/oslevel       = unknown
/bin/universe          = unknown

PATH: /opt/local/bin/
PATH: /opt/local/sbin/
PATH: /var/bin89/
PATH: /usr/local/bin/
PATH: /usr/bin/
PATH: /bin/
PATH: /usr/sbin/
PATH: /sbin/
PATH: /Applications/Wireshark.app/Contents/MacOS/
PATH: /Applications/Emacs.app/Contents/MacOS/bin-x86_64-10_14/
PATH: /Applications/Emacs.app/Contents/MacOS/libexec-x86_64-10_14/


## ----------- ##
## Core tests. ##
## ----------- ##

configure:2420: looking for aux files: config.guess config.sub ar-lib compile missing install-sh
configure:2433:  trying ./
configure:2462:   ./config.guess found
configure:2462:   ./config.sub found
configure:2462:   ./ar-lib found
configure:2462:   ./compile found
configure:2462:   ./missing found
configure:2444:   ./install-sh found
configure:2592: checking for a BSD-compatible install
configure:2666: result: /usr/local/bin/ginstall -c
configure:2677: checking whether sleep supports fractional seconds
configure:2693: result: yes
configure:2696: checking filesystem timestamp resolution
configure:2831: result: 2
configure:2836: checking whether build environment is sane
configure:2877: result: yes
configure:3048: checking for a race-free mkdir -p
configure:3091: result: /usr/local/bin/gmkdir -p
configure:3098: checking for gawk
configure:3134: result: no
configure:3098: checking for mawk
configure:3134: result: no
configure:3098: checking for nawk
configure:3134: result: no
configure:3098: checking for awk
configure:3119: found /usr/bin/awk
configure:3131: result: awk
configure:3142: checking whether make sets $(MAKE)
configure:3166: result: yes
configure:3192: checking whether make supports nested variables
configure:3211: result: yes
configure:3225: checking xargs -n works
configure:3241: result: yes
configure:3407: checking for gcc
configure:3428: found /usr/bin/gcc
configure:3440: result: gcc
configure:3799: checking for C compiler version
configure:3808: gcc --version >&5
Apple clang version 12.0.0 (clang-1200.0.32.29)
Target: x86_64-apple-darwin21.6.0
Thread model: posix
InstalledDir: /Library/Developer/CommandLineTools/usr/bin
Configured with: --prefix=/Library/Developer/CommandLineTools/usr --with-gxx-include-dir=/Library/Developer/CommandLineTools/SDKs/MacOSX.sdk/usr/include/c++/4.2.1
configure:3819: $? = 0
configure:3808: gcc -v >&5
Configured with: --prefix=/Library/Developer/CommandLineTools/usr --with-gxx-include-dir=/Library/Developer/CommandLineTools/SDKs/MacOSX.sdk/usr/include/c++/4.2.1
Apple clang version 12.0.0 (clang-1200.0.32.29)
Target: x86_64-apple-darwin21.6.0
Thread model: posix
InstalledDir: /Library/Developer/CommandLineTools/usr/bin
configure:3819: $? = 0
configure:3808: gcc -V >&5
clang: error: argument to '-V' is missing (expected 1 value)
clang: error: no input files
configure:3819: $? = 1
configure:3808: gcc -qversion >&5
clang: error: unknown argument '-qversion'; did you mean '--version'?
clang: error: no input files
configure:3819: $? = 1
configure:3808: gcc -version >&5
clang: error: unknown argument '-version'; did you mean '--version'?
clang: error: no input files
configure:3819: $? = 1
configure:3839: checking whether the C compiler works
configure:3861: gcc    conftest.c  >&5
configure:3865: $? = 0
configure:3916: result: yes
configure:3920: checking for C compiler default output file name
configure:3922: result: a.out
configure:3928: checking for suffix of executables
configure:3935: gcc -o conftest    conftest.c  >&5
configure:3939: $? = 0
configure:3963: result: 
configure:3987: checking whether we are cross compiling
configure:3995: gcc -o conftest    conftest.c  >&5
configure:3999: $? = 0
configure:4006: ./conftest
configure:4010: $? = 0
configure:4025: result: no
configure:4031: checking for suffix of object files
configure:4054: gcc -c   conftest.c >&5
configure:4058: $? = 0
configure:4082: result: o
configure:4086: checking whether the compiler supports GNU C
configure:4106: gcc -c   conftest.c >&5
configure:4106: $? = 0
configure:4118: result: yes
configure:4129: checking whether gcc accepts -g
configure:4150: gcc -c -g  conftest.c >&5
configure:4150: $? = 0
configure:4197: result: yes
configure:4217: checking for gcc option to enable C11 features
configure:4232: gcc  -c -g -O2  conftest.c >&5
configure:4232: $? = 0
configure:4251: result: none needed
configure:4375: checking whether gcc understands -c and -o together
configure:4398: gcc -c conftest.c -o conftest2.o
configure:4401: $? = 0
configure:4398: gcc -c conftest.c -o conftest2.o
configure:4401: $? = 0
configure:4414: result: yes
configure:4434: checking whether make supports the include directive
configure:4449: make -f confmf.GNU && cat confinc.out
this is the am__doit target
configure:4452: $? = 0
configure:4471: result: yes (GNU style)
configure:4497: checking dependency style of gcc
configure:4610: result: gcc3
configure:4675: checking for ranlib
configure:4696: found /usr/bin/ranlib
configure:4708: result: ranlib
configure:4787: checking for ar
configure:4808: found /usr/bin/ar
configure:4820: result: ar
configure:4847: checking the archiver (ar) interface
configure:4864: gcc -c -g -O2  conftest.c >&5
configure:4864: $? = 0
configure:4867: ar cr libconftest.a conftest.o >&5
configure:4870: $? = 0
configure:4899: result: ar

## ---------------- ##
## Cache variables. ##
## ---------------- ##

ac_cv_c_compiler_gnu=yes
ac_cv_env_CC_set=
ac_cv_env_CC_value=
ac_cv_env_CFLAGS_set=
ac_cv_env_CFLAGS_value=
ac_cv_env_CPPFLAGS_set=
ac_cv_env_CPPFLAGS_value=
ac_cv_env_LDFLAGS_set=
ac_cv_env_LDFLAGS_value=
ac_cv_env_LIBS_set=
ac_cv_env_LIBS_value=
ac_cv_env_build_alias_set=
ac_cv_env_build_alias_value=
ac_cv_env_host_alias_set=
ac_cv_env_host_alias_value=
ac_cv_env_target_alias_set=
ac_cv_env_target_alias_value=
ac_cv_objext=o
ac_cv_path_install='/usr/local/bin/ginstall -c'
ac_cv_path_mkdir=/usr/local/bin/gmkdir
ac_cv_prog_AWK=awk
ac_cv_prog_ac_ct_AR=ar
ac_cv_prog_ac_ct_CC=gcc
ac_cv_prog_ac_ct_RANLIB=ranlib
ac_cv_prog_cc_c11=
ac_cv_prog_cc_g=yes
ac_cv_prog_cc_stdc=
ac_cv_prog_make_make_set=yes
am_cv_CC_dependencies_compiler_type=gcc3
am_cv_ar_interface=ar
am_cv_filesystem_timestamp_resolution=2
am_cv_make_support_nested_variables=yes
am_cv_prog_cc_c_o=yes
am_cv_sleep_fractional_seconds=yes
am_cv_xargs_n_works=yes

## ----------------- ##
## Output variables. ##
## ----------------- ##

ACLOCAL='${SHELL} '\''/Users/mrsilver/.emacs.d/elpa/pdf-tools-1.1.0/server/missing'\'' aclocal-1.17'
AMDEPBACKSLASH='\'
AMDEP_FALSE='#'
AMDEP_TRUE=''
AMTAR='$${TAR-tar}'
AM_BACKSLASH='\'
AM_DEFAULT_V=''
AM_DEFAULT_VERBOSITY='1'
AM_V=''
AR='ar'
AUTOCONF='${SHELL} '\''/Users/mrsilver/.emacs.d/elpa/pdf-tools-1.1.0/server/missing'\'' autoconf'
AUTOHEADER='${SHELL} '\''/Users/mrsilver/.emacs.d/elpa/pdf-tools-1.1.0/server/missing'\'' autoheader'
AUTOMAKE='${SHELL} '\''/Users/mrsilver/.emacs.d/elpa/pdf-tools-1.1.0/server/missing'\'' automake-1.17'
AWK='awk'
CC='gcc'
CCDEPMODE='depmode=gcc3'
CFLAGS='-g -O2'
CPPFLAGS=''
CSCOPE='cscope'
CTAGS='ctags'
CYGPATH_W='echo'
DEFS=''
DEPDIR='.deps'
ECHO_C='\c'
ECHO_N=''
ECHO_T=''
ETAGS='etags'
EXEEXT=''
HAVE_W32_FALSE=''
HAVE_W32_TRUE=''
INSTALL_DATA='${INSTALL} -m 644'
INSTALL_PROGRAM='${INSTALL}'
INSTALL_SCRIPT='${INSTALL}'
INSTALL_STRIP_PROGRAM='$(install_sh) -c -s'
LDFLAGS=''
LIBOBJS=''
LIBS=''
LTLIBOBJS=''
MAKEINFO='${SHELL} '\''/Users/mrsilver/.emacs.d/elpa/pdf-tools-1.1.0/server/missing'\'' makeinfo'
MKDIR_P='/usr/local/bin/gmkdir -p'
OBJEXT='o'
PACKAGE='epdfinfo'
PACKAGE_BUGREPORT='politza@fh-trier.de'
PACKAGE_NAME='epdfinfo'
PACKAGE_STRING='epdfinfo 1.0'
PACKAGE_TARNAME='epdfinfo'
PACKAGE_URL=''
PACKAGE_VERSION='1.0'
PATH_SEPARATOR=':'
POW_LIB=''
RANLIB='ranlib'
SET_MAKE=''
SHELL='/bin/sh'
STRIP=''
VERSION='1.0'
ac_ct_AR='ar'
ac_ct_CC='gcc'
am__EXEEXT_FALSE=''
am__EXEEXT_TRUE=''
am__fastdepCC_FALSE='#'
am__fastdepCC_TRUE=''
am__include='include'
am__isrc=''
am__leading_dot='.'
am__nodep='_no'
am__quote=''
am__rm_f_notfound=''
am__tar='$${TAR-tar} chof - "$$tardir"'
am__untar='$${TAR-tar} xf -'
am__xargs_n='xargs -n'
bindir='/Users/mrsilver/.emacs.d/elpa/pdf-tools-1.1.0'
build=''
build_alias=''
build_cpu=''
build_os=''
build_vendor=''
datadir='${datarootdir}'
datarootdir='${prefix}/share'
docdir='${datarootdir}/doc/${PACKAGE_TARNAME}'
dvidir='${docdir}'
exec_prefix='NONE'
host=''
host_alias=''
host_cpu=''
host_os=''
host_vendor=''
htmldir='${docdir}'
includedir='${prefix}/include'
infodir='${datarootdir}/info'
install_sh='${SHELL} /Users/mrsilver/.emacs.d/elpa/pdf-tools-1.1.0/server/install-sh'
libdir='${exec_prefix}/lib'
libexecdir='${exec_prefix}/libexec'
localedir='${datarootdir}/locale'
localstatedir='${prefix}/var'
mandir='${datarootdir}/man'
mkdir_p='$(MKDIR_P)'
oldincludedir='/usr/include'
pdfdir='${docdir}'
prefix='NONE'
program_transform_name='s,x,x,'
psdir='${docdir}'
runstatedir='${localstatedir}/run'
sbindir='${exec_prefix}/sbin'
sharedstatedir='${prefix}/com'
sysconfdir='${prefix}/etc'
target_alias=''

## ----------- ##
## confdefs.h. ##
## ----------- ##

/* confdefs.h */
#define PACKAGE_NAME "epdfinfo"
#define PACKAGE_TARNAME "epdfinfo"
#define PACKAGE_VERSION "1.0"
#define PACKAGE_STRING "epdfinfo 1.0"
#define PACKAGE_BUGREPORT "politza@fh-trier.de"
#define PACKAGE_URL ""
#define PACKAGE "epdfinfo"
#define VERSION "1.0"

configure: exit 258
